<?xml version="1.0" encoding="UTF-8"?>
<!-- Generated by org.testng.reporters.JUnitXMLReporter -->
<testsuite ignored="0" hostname="LAPTOP-IFFP6P5H" failures="0" tests="10" name="dd" time="32.542" errors="0" timestamp="2023-03-24T19:24:15 IST">
  <testcase classname="api.test.DDtests" name="testPostUser" time="6.744"/>
  <testcase classname="api.test.DDtests" name="testPostUser" time="2.146"/>
  <testcase classname="api.test.DDtests" name="testPostUser" time="2.044"/>
  <testcase classname="api.test.DDtests" name="testPostUser" time="2.345"/>
  <testcase classname="api.test.DDtests" name="testPostUser" time="2.145"/>
  <testcase classname="api.test.DDtests" name="testDeleteUserByName" time="2.471"/>
  <testcase classname="api.test.DDtests" name="testDeleteUserByName" time="1.967"/>
  <testcase classname="api.test.DDtests" name="testDeleteUserByName" time="2.12"/>
  <testcase classname="api.test.DDtests" name="testDeleteUserByName" time="2.067"/>
  <testcase classname="api.test.DDtests" name="testDeleteUserByName" time="2.039"/>
</testsuite> <!-- dd -->
