<?xml version="1.0" encoding="UTF-8"?>
<!-- Generated by org.testng.reporters.JUnitXMLReporter -->
<testsuite ignored="0" hostname="LAPTOP-IFFP6P5H" failures="0" tests="4" name="PetTest" time="18.966" errors="0" timestamp="2023-03-23T19:59:39 IST">
  <testcase classname="api.test.UserTests" name="testPostUser" time="9.205"/>
  <testcase classname="api.test.UserTests" name="getUserByName" time="2.868"/>
  <testcase classname="api.test.UserTests" name="UpadateUserByName" time="2.436"/>
  <testcase classname="api.test.UserTests" name="deleteUserByName" time="3.168"/>
</testsuite> <!-- PetTest -->
